<?xml version="1.0" encoding="UTF-8"?>
<!-- Generated by org.testng.reporters.JUnitReportReporter -->
<testsuite hostname="LP-CND5181LQ2" failures="0" tests="1" name="selenium.selenium_maven.testNGBWTest" time="14.450" errors="0" timestamp="29 Apr 2019 10:57:28 GMT" skipped="0">
  <testcase classname="selenium.selenium_maven.testNGBWTest" name="testNGBrowserTest" time="14.450"/>
</testsuite> <!-- selenium.selenium_maven.testNGBWTest -->
