<?xml version="1.0" encoding="UTF-8"?>
<!-- Generated by org.testng.reporters.JUnitReportReporter -->
<testsuite hostname="LP-CND5181LQ2" failures="0" tests="1" name="selenium.selenium_maven.testNGBWTest" time="29.682" errors="0" timestamp="06 May 2019 10:26:27 GMT" skipped="0">
  <testcase classname="selenium.selenium_maven.testNGBWTest" name="testNGBrowserTest" time="29.682"/>
</testsuite> <!-- selenium.selenium_maven.testNGBWTest -->
